Rendering to 1024x1024 image
Loaded scene with 3 circles
Loaded scene with 3 circles
---------------------------------------------------------
Initializing CUDA for CudaRenderer
Found 2 CUDA devices
Device 0: GeForce GTX 1080
   SMs:        20
   Global mem: 8113 MB
   CUDA Cap:   6.1
Device 1: Quadro K620
   SMs:        3
   Global mem: 2000 MB
   CUDA Cap:   5.0
---------------------------------------------------------

Running benchmark, 1 frames, beginning at frame 0 ...
image height: 1024, width: 1024
Copying image data from device
***************** Correctness check passed **************************
Clear:    0.1011 ms
Advance:  0.0013 ms
Render:   0.0096 ms
Total:    0.1120 ms

Overall:  0.0193 sec (note units are seconds)
