Rendering to 1024x1024 image
Loaded data for 100000 circles from snow.par
Loaded scene with 100000 circles
Loaded data for 100000 circles from snow.par
Loaded scene with 100000 circles
---------------------------------------------------------
Initializing CUDA for CudaRenderer
Found 2 CUDA devices
Device 0: GeForce GTX 1080
   SMs:        20
   Global mem: 8113 MB
   CUDA Cap:   6.1
Device 1: Quadro K620
   SMs:        3
   Global mem: 2000 MB
   CUDA Cap:   5.0
---------------------------------------------------------

Running benchmark, 1 frames, beginning at frame 0 ...
image height: 1024, width: 1024
Copying image data from device
***************** Correctness check passed **************************
Clear:    0.0891 ms
Advance:  0.0012 ms
Render:   0.0128 ms
Total:    0.1031 ms

Overall:  0.6658 sec (note units are seconds)
