Rendering to 1024x1024 image
Loaded scene with 3 circles
---------------------------------------------------------
Initializing CUDA for CudaRenderer
Found 2 CUDA devices
Device 0: GeForce GTX 1080
   SMs:        20
   Global mem: 8113 MB
   CUDA Cap:   6.1
Device 1: Quadro K620
   SMs:        3
   Global mem: 2000 MB
   CUDA Cap:   5.0
---------------------------------------------------------
WARNING: You're not running on a fast GPU, please consider using NVIDIA GTX 480, 670 or 780.
---------------------------------------------------------

Running benchmark, 4 frames, beginning at frame 0 ...
Clear:    0.0832 ms
Advance:  0.0026 ms
Render:   0.1687 ms
Total:    0.2545 ms

Overall:  0.0011 sec (note units are seconds)
